2025-05-27 08:23:41 [restartedMain] Starting RideApplication using Java 21 with PID 12072 (C:\Users\2406358\Downloads\Ride\target\classes started by 2406358 in C:\Users\2406358\Downloads\Ride)
2025-05-27 08:23:41 [restartedMain] No active profile set, falling back to 1 default profile: "default"
2025-05-27 08:23:41 [restartedMain] Devtools property defaults active! Set 'spring.devtools.add-properties' to 'false' to disable
2025-05-27 08:23:41 [restartedMain] For additional web related logging consider setting the 'logging.level.web' property to 'DEBUG'
2025-05-27 08:23:44 [restartedMain] Bootstrapping Spring Data JPA repositories in DEFAULT mode.
2025-05-27 08:23:44 [restartedMain] Finished Spring Data repository scanning in 365 ms. Found 1 JPA repository interface.
2025-05-27 08:23:45 [restartedMain] BeanFactory id=b221c660-fb51-38ce-9025-0508398917ee
2025-05-27 08:23:46 [restartedMain] Tomcat initialized with port 8082 (http)
2025-05-27 08:23:46 [restartedMain] Starting service [Tomcat]
2025-05-27 08:23:46 [restartedMain] Starting Servlet engine: [Apache Tomcat/10.1.40]
2025-05-27 08:23:46 [restartedMain] Initializing Spring embedded WebApplicationContext
2025-05-27 08:23:46 [restartedMain] Root WebApplicationContext: initialization completed in 4953 ms
2025-05-27 08:23:47 [restartedMain] HHH000204: Processing PersistenceUnitInfo [name: default]
2025-05-27 08:23:47 [restartedMain] HHH000412: Hibernate ORM core version 6.6.13.Final
2025-05-27 08:23:47 [restartedMain] HHH000026: Second-level cache disabled
2025-05-27 08:23:48 [restartedMain] No LoadTimeWeaver setup: ignoring JPA class transformer
2025-05-27 08:23:48 [restartedMain] HikariPool-1 - Starting...
2025-05-27 08:23:49 [restartedMain] HikariPool-1 - Added connection com.mysql.cj.jdbc.ConnectionImpl@780aff5a
2025-05-27 08:23:49 [restartedMain] HikariPool-1 - Start completed.
2025-05-27 08:23:50 [restartedMain] HHH10001005: Database info:
	Database JDBC URL [Connecting through datasource 'HikariDataSource (HikariPool-1)']
	Database driver: undefined/unknown
	Database version: 8.0.41
	Autocommit mode: undefined/unknown
	Isolation level: undefined/unknown
	Minimum pool size: undefined/unknown
	Maximum pool size: undefined/unknown
2025-05-27 08:23:52 [restartedMain] HHH000489: No JTA platform available (set 'hibernate.transaction.jta.platform' to enable JTA platform integration)
2025-05-27 08:23:52 [restartedMain] Initialized JPA EntityManagerFactory for persistence unit 'default'
2025-05-27 08:23:53 [restartedMain] spring.jpa.open-in-view is enabled by default. Therefore, database queries may be performed during view rendering. Explicitly configure spring.jpa.open-in-view to disable this warning
2025-05-27 08:23:54 [restartedMain] Unable to start LiveReload server
2025-05-27 08:23:54 [restartedMain] For 'USER' URL not provided. Will try picking an instance via load-balancing.
2025-05-27 08:23:54 [restartedMain] For 'DRIVER' URL not provided. Will try picking an instance via load-balancing.
2025-05-27 08:23:54 [restartedMain] Failed to set up a Bean Validation provider: jakarta.validation.NoProviderFoundException: Unable to create a Configuration, because no Jakarta Bean Validation provider could be found. Add a provider like Hibernate Validator (RI) to your classpath.
2025-05-27 08:23:56 [restartedMain] Eureka HTTP Client uses RestTemplate.
2025-05-27 08:23:56 [restartedMain] Spring Cloud LoadBalancer is currently working with the default cache. While this cache implementation is useful for development and tests, it's recommended to use Caffeine cache in production.You can switch to using Caffeine cache, by adding it and org.springframework.cache.caffeine.CaffeineCacheManager to the classpath.
2025-05-27 08:23:56 [restartedMain] Setting initial instance status as: STARTING
2025-05-27 08:23:56 [restartedMain] Initializing Eureka in region us-east-1
2025-05-27 08:23:56 [restartedMain] Resolving eureka endpoints via configuration
2025-05-27 08:23:56 [restartedMain] Disable delta property : false
2025-05-27 08:23:56 [restartedMain] Single vip registry refresh property : null
2025-05-27 08:23:56 [restartedMain] Force full registry fetch : false
2025-05-27 08:23:56 [restartedMain] Application is null : false
2025-05-27 08:23:56 [restartedMain] Registered Applications size is zero : true
2025-05-27 08:23:56 [restartedMain] Application version is -1: true
2025-05-27 08:23:56 [restartedMain] Getting all instance registry info from the eureka server
2025-05-27 08:23:57 [restartedMain] The response status is 200
2025-05-27 08:23:57 [restartedMain] Starting heartbeat executor: renew interval is: 30
2025-05-27 08:23:57 [restartedMain] InstanceInfoReplicator onDemand update allowed rate per min is 4
2025-05-27 08:23:57 [restartedMain] Discovery Client initialized at timestamp 1748314437111 with initial instances count: 1
2025-05-27 08:23:57 [restartedMain] Registering application RIDE with eureka with status UP
2025-05-27 08:23:57 [restartedMain] Saw local status change event StatusChangeEvent [timestamp=1748314437124, current=UP, previous=STARTING]
2025-05-27 08:23:57 [DiscoveryClient-InstanceInfoReplicator-%d] DiscoveryClient_RIDE/LTIN449296.cts.com:Ride:8082: registering service...
2025-05-27 08:23:57 [restartedMain] Tomcat started on port 8082 (http) with context path '/'
2025-05-27 08:23:57 [restartedMain] Updating port to 8082
2025-05-27 08:23:57 [restartedMain] Started RideApplication in 16.449 seconds (process running for 18.316)
2025-05-27 08:23:57 [DiscoveryClient-InstanceInfoReplicator-%d] DiscoveryClient_RIDE/LTIN449296.cts.com:Ride:8082 - registration status: 204
2025-05-27 08:24:30 [http-nio-8082-exec-1] Initializing Spring DispatcherServlet 'dispatcherServlet'
2025-05-27 08:24:30 [http-nio-8082-exec-1] Initializing Servlet 'dispatcherServlet'
2025-05-27 08:24:30 [http-nio-8082-exec-1] Completed initialization in 15 ms
2025-05-27 08:26:06 [http-nio-8082-exec-1] Init duration for springdoc-openapi is: 187 ms
2025-05-27 08:28:56 [AsyncResolver-bootstrap-executor-%d] Resolving eureka endpoints via configuration
2025-05-27 08:33:56 [AsyncResolver-bootstrap-executor-%d] Resolving eureka endpoints via configuration
